Arguments: 
  /Users/victorsabino/.nvm/versions/node/v16.9.0/bin/node /Users/victorsabino/.nvm/versions/node/v16.9.0/bin/yarn add --dev parcel@next

PATH: 
  /Users/victorsabino/.gem/bin:/Users/victorsabino/.nvm/versions/node/v16.9.0/bin:/opt/homebrew/bin:/usr/local/bin:/usr/bin:/bin:/usr/sbin:/sbin:/Library/Apple/usr/bin:/Users/victorsabino/.gem/bin:/Users/victorsabino/.nvm/versions/node/v16.9.0/bin:/opt/homebrew/bin:/Users/victorsabino/tools/flutter/bin:/Users/victorsabino/tools/flutter/bin

Yarn version: 
  1.22.11

Node version: 
  16.9.0

Platform: 
  darwin arm64

Trace: 
  Error: getaddrinfo ENOTFOUND oinexus.intranet
      at GetAddrInfoReqWrap.onlookup [as oncomplete] (node:dns:71:26)

npm manifest: 
  {
  	"name": "phaser3-parcel-template",
  	"version": "1.0.0",
  	"description": "A template project for Phaser 3 using Parceljs",
  	"scripts": {
  		"start": "parcel src/index.html -p 8000",
  		"build": "parcel build src/index.html --out-dir dist",
  		"test": "echo \"Error: no test specified\" && exit 1"
  	},
  	"author": "supertommy",
  	"license": "MIT",
  	"repository": {
  		"type": "git",
  		"url": "https://github.com/ourcade/phaser3-parcel-template.git"
  	},
  	"homepage": "https://github.com/ourcade/phaser3-parcel-template",
  	"devDependencies": {
  		"@babel/core": "^7.10.5",
  		"@babel/plugin-proposal-class-properties": "^7.10.4",
  		"babel-eslint": "^10.1.0",
  		"eslint": "^6.8.0",
  		"minimist": ">=1.2.2",
  		"parcel-plugin-clean-easy": "^1.0.2",
  		"parcel-plugin-static-files-copy": "^2.4.3"
  	},
  	"dependencies": {
  		"phaser": "^3.55.2"
  	},
  	"parcelCleanPaths": [
  		"dist"
  	],
  	"staticFiles": {
  		"staticPath": "public",
  		"watcherGlob": "**"
  	}
  }

yarn manifest: 
  No manifest

Lockfile: 
  No lockfile
